<?xml version="1.0" encoding="UTF-8"?>
<testsuite name="lucky.lax.AppTest" tests="1" skipped="0" failures="0" errors="0" timestamp="2025-06-04T15:01:37.698Z" hostname="LAPTOP-R618R92G" time="0.004">
  <properties/>
  <testcase name="testApp" classname="lucky.lax.AppTest" time="0.004"/>
  <system-out><![CDATA[]]></system-out>
  <system-err><![CDATA[]]></system-err>
</testsuite>
